==247300== Memcheck, a memory error detector
==247300== Copyright (C) 2002-2017, and GNU GPL'd, by Julian Seward et al.
==247300== Using Valgrind-3.18.1 and LibVEX; rerun with -h for copyright info
==247300== Command: ./minishell
==247300== Parent PID: 247206
==247300== 
==247300== 
==247300== HEAP SUMMARY:
==247300==     in use at exit: 4,252 bytes in 16 blocks
==247300==   total heap usage: 258 allocs, 242 frees, 78,473 bytes allocated
==247300== 
==247300== 56 bytes in 5 blocks are still reachable in loss record 1 of 4
==247300==    at 0x4848899: malloc (in /usr/libexec/valgrind/vgpreload_memcheck-amd64-linux.so)
==247300==    by 0x48AABAC: xmalloc (in /usr/lib/x86_64-linux-gnu/libreadline.so.8.1)
==247300==    by 0x48A1B39: alloc_history_entry (in /usr/lib/x86_64-linux-gnu/libreadline.so.8.1)
==247300==    by 0x48A3F65: add_history (in /usr/lib/x86_64-linux-gnu/libreadline.so.8.1)
==247300==    by 0x4013CA: main (main.c:76)
==247300== 
==247300== 60 bytes in 5 blocks are still reachable in loss record 2 of 4
==247300==    at 0x4848899: malloc (in /usr/libexec/valgrind/vgpreload_memcheck-amd64-linux.so)
==247300==    by 0x48AABAC: xmalloc (in /usr/lib/x86_64-linux-gnu/libreadline.so.8.1)
==247300==    by 0x48A3F28: add_history (in /usr/lib/x86_64-linux-gnu/libreadline.so.8.1)
==247300==    by 0x4013CA: main (main.c:76)
==247300== 
==247300== 120 bytes in 5 blocks are still reachable in loss record 3 of 4
==247300==    at 0x4848899: malloc (in /usr/libexec/valgrind/vgpreload_memcheck-amd64-linux.so)
==247300==    by 0x48AABAC: xmalloc (in /usr/lib/x86_64-linux-gnu/libreadline.so.8.1)
==247300==    by 0x48A1B1D: alloc_history_entry (in /usr/lib/x86_64-linux-gnu/libreadline.so.8.1)
==247300==    by 0x48A3F65: add_history (in /usr/lib/x86_64-linux-gnu/libreadline.so.8.1)
==247300==    by 0x4013CA: main (main.c:76)
==247300== 
==247300== 4,016 bytes in 1 blocks are still reachable in loss record 4 of 4
==247300==    at 0x4848899: malloc (in /usr/libexec/valgrind/vgpreload_memcheck-amd64-linux.so)
==247300==    by 0x48AABAC: xmalloc (in /usr/lib/x86_64-linux-gnu/libreadline.so.8.1)
==247300==    by 0x48A3FD6: add_history (in /usr/lib/x86_64-linux-gnu/libreadline.so.8.1)
==247300==    by 0x4013CA: main (main.c:76)
==247300== 
==247300== LEAK SUMMARY:
==247300==    definitely lost: 0 bytes in 0 blocks
==247300==    indirectly lost: 0 bytes in 0 blocks
==247300==      possibly lost: 0 bytes in 0 blocks
==247300==    still reachable: 4,252 bytes in 16 blocks
==247300==         suppressed: 0 bytes in 0 blocks
==247300== 
==247300== For lists of detected and suppressed errors, rerun with: -s
==247300== ERROR SUMMARY: 0 errors from 0 contexts (suppressed: 0 from 0)
